<?xml version="1.0" encoding="UTF-8"?>
<testsuite xmlns:xsi="http://www.w3.org/2001/XMLSchema-instance" xsi:noNamespaceSchemaLocation="https://maven.apache.org/surefire/maven-surefire-plugin/xsd/surefire-test-report-3.0.xsd" version="3.0" name="codeCommandos.flightADSB.FlightAdsbApplicationTests" time="4.007" tests="4" errors="0" skipped="0" failures="0">
  <properties>
[...]
</properties>
  <testcase name="checkingisAircraftListisNull" classname="codeCommandos.flightADSB.FlightAdsbApplicationTests" time="0.893">
    <system-out><![CDATA[01:43:19.586 [main] INFO org.springframework.test.context.support.AnnotationConfigContextLoaderUtils -- Could not detect default configuration classes for test class [codeCommandos.flightADSB.FlightAdsbApplicationTests]: FlightAdsbApplicationTests does not declare any static, non-private, non-final, nested classes annotated with @Configuration.
01:43:19.679 [main] INFO org.springframework.boot.test.context.SpringBootTestContextBootstrapper -- Found @SpringBootConfiguration codeCommandos.flightADSB.FlightAdsbApplication for test class codeCommandos.flightADSB.FlightAdsbApplicationTests

  .   ____          _            __ _ _
 /\\ / ___'_ __ _ _(_)_ __  __ _ \ \ \ \
( ( )\___ | '_ | '_| | '_ \/ _` | \ \ \ \
 \\/  ___)| |_)| | | | | || (_| |  ) ) ) )
  '  |____| .__|_| |_|_| |_\__, | / / / /
 =========|_|==============|___/=/_/_/_/
 :: Spring Boot ::                (v3.2.3)

2024-04-08T01:43:20.056+03:00  WARN 19732 --- [flightADSB] [           main] ory$DuplicateJsonObjectContextCustomizer : 

Found multiple occurrences of org.json.JSONObject on the class path:

	jar:file:/C:/Users/yakup/.m2/repository/com/vaadin/external/google/android-json/0.0.20131108.vaadin1/android-json-0.0.20131108.vaadin1.jar!/org/json/JSONObject.class
	jar:file:/C:/Users/yakup/.m2/repository/org/json/json/20240303/json-20240303.jar!/org/json/JSONObject.class

You may wish to exclude one of them to ensure predictable runtime behavior

2024-04-08T01:43:20.072+03:00  INFO 19732 --- [flightADSB] [           main] c.flightADSB.FlightAdsbApplicationTests  : Starting FlightAdsbApplicationTests using Java 22 with PID 19732 (started by yakup in C:\Users\yakup\Desktop\Testing23\flightADSB)
2024-04-08T01:43:20.073+03:00  INFO 19732 --- [flightADSB] [           main] c.flightADSB.FlightAdsbApplicationTests  : No active profile set, falling back to 1 default profile: "default"
2024-04-08T01:43:20.817+03:00  INFO 19732 --- [flightADSB] [           main] o.s.b.a.w.s.WelcomePageHandlerMapping    : Adding welcome page: class path resource [static/index.html]
2024-04-08T01:43:21.109+03:00  INFO 19732 --- [flightADSB] [           main] c.flightADSB.FlightAdsbApplicationTests  : Started FlightAdsbApplicationTests in 1.308 seconds (process running for 2.115)
]]></system-out>
    <system-err><![CDATA[WARNING: A Java agent has been loaded dynamically (C:\Users\yakup\.m2\repository\net\bytebuddy\byte-buddy-agent\1.14.12\byte-buddy-agent-1.14.12.jar)
WARNING: If a serviceability tool is in use, please run with -XX:+EnableDynamicAgentLoading to hide this warning
WARNING: If a serviceability tool is not in use, please run with -Djdk.instrument.traceUsage for more information
WARNING: Dynamic loading of agents will be disallowed by default in a future release
]]></system-err>
  </testcase>
  <testcase name="checkingAPIWorking" classname="codeCommandos.flightADSB.FlightAdsbApplicationTests" time="0.367"/>
  <testcase name="testGetAircraftLocations" classname="codeCommandos.flightADSB.FlightAdsbApplicationTests" time="0.03"/>
  <testcase name="chekingNullVariableTest" classname="codeCommandos.flightADSB.FlightAdsbApplicationTests" time="0.248"/>
</testsuite>